28-04-2022 12:27:43 - array (
  0 => 'Women',
)
28-04-2022 12:27:43 - array (
  0 => 'Farmacia y parafarmacia',
)
28-04-2022 12:27:43 - array (
  0 => 'FUTBOL',
)
28-04-2022 12:28:16 - array (
  0 => 'Women',
)
28-04-2022 12:28:16 - array (
  0 => 'Farmacia y parafarmacia',
)
28-04-2022 12:28:16 - array (
  0 => 'FUTBOL',
)
28-04-2022 12:42:54 - array (
  0 => 'Women',
)
28-04-2022 12:42:54 - array (
  0 => 'Farmacia y parafarmacia',
)
28-04-2022 12:42:54 - array (
  0 => 'FUTBOL',
)
28-04-2022 13:01:37 - array (
  0 => 'Women',
)
28-04-2022 13:01:37 - array (
  0 => 'Farmacia y parafarmacia',
)
28-04-2022 13:01:37 - array (
  0 => 'FUTBOL',
)
28-04-2022 13:02:24 - array (
  0 => 'Women',
)
28-04-2022 13:02:24 - array (
  0 => 'Farmacia y parafarmacia',
)
28-04-2022 13:02:24 - array (
  0 => 'FUTBOL',
)
28-04-2022 13:03:26 - array (
  0 => 'Women',
)
28-04-2022 13:03:26 - array (
  0 => 'Farmacia y parafarmacia',
)
28-04-2022 13:03:27 - array (
  0 => 'FUTBOL',
)
28-04-2022 13:03:36 - array (
  0 => 'Women',
)
28-04-2022 13:03:36 - array (
  0 => 'Farmacia y parafarmacia',
)
28-04-2022 13:03:36 - array (
  0 => 'FUTBOL',
)
28-04-2022 13:04:19 - array (
  0 => 'Women',
)
28-04-2022 13:04:19 - array (
  0 => 'Farmacia y parafarmacia',
)
28-04-2022 13:04:19 - array (
  0 => 'FUTBOL',
)
28-04-2022 13:09:59 - array (
  0 => 'Women',
)
28-04-2022 13:10:00 - array (
  0 => 'Farmacia y parafarmacia',
)
28-04-2022 13:10:00 - array (
  0 => 'FUTBOL',
)
28-04-2022 13:11:55 - array (
  0 => 'Women',
)
28-04-2022 13:11:55 - array (
  0 => 'Farmacia y parafarmacia',
)
28-04-2022 13:11:55 - array (
  0 => 'FUTBOL',
)
28-04-2022 13:13:55 - array (
  0 => 'Women',
)
28-04-2022 13:16:53 - array (
  0 => 'Women',
)
28-04-2022 13:21:50 - array (
  0 => 'Women',
)
28-04-2022 13:23:20 - array (
  0 => 'Women',
)
28-04-2022 13:23:20 - array (
  0 => 'Farmacia y parafarmacia',
)
28-04-2022 13:23:20 - array (
  0 => 'FUTBOL',
)
28-04-2022 13:23:46 - array (
  0 => 'Women',
)
28-04-2022 13:23:46 - array (
  0 => 'Farmacia y parafarmacia',
)
28-04-2022 13:23:46 - array (
  0 => 'FUTBOL',
)
28-04-2022 13:35:42 - array (
  0 => 'Women',
)
28-04-2022 13:36:56 - array (
  0 => 'Women',
)
28-04-2022 13:39:10 - array (
  0 => 'Women',
)
28-04-2022 13:39:11 - array (
  0 => 'Farmacia y parafarmacia',
)
28-04-2022 13:39:11 - array (
  0 => 'FUTBOL',
)
28-04-2022 13:40:11 - array (
  0 => 'Women',
)
28-04-2022 13:40:59 - array (
  0 => 'Women',
)
28-04-2022 13:41:45 - array (
  0 => 'Women',
)
28-04-2022 15:37:03 - array (
  0 => 'Women',
)
28-04-2022 15:38:45 - array (
  0 => 'Women',
)
28-04-2022 15:39:11 - array (
  0 => 'Women',
)
28-04-2022 15:39:28 - array (
  0 => 'Women',
)
28-04-2022 15:39:29 - array (
  0 => 'Farmacia y parafarmacia',
)
28-04-2022 15:39:29 - array (
  0 => 'FUTBOL',
)
28-04-2022 15:41:29 - array (
  0 => 'Women',
)
28-04-2022 15:52:29 - array (
  0 => 'Women',
)
28-04-2022 15:53:36 - array (
  0 => 'Women',
)
28-04-2022 15:54:00 - array (
  0 => 'Farmacia y parafarmacia',
)
28-04-2022 15:54:00 - array (
  0 => 'FUTBOL',
)
28-04-2022 15:59:24 - array (
  0 => 'Farmacia y parafarmacia',
)
28-04-2022 15:59:25 - array (
  0 => 'FUTBOL',
)
28-04-2022 16:00:24 - array (
  0 => 'Women',
)
28-04-2022 16:00:25 - array (
  0 => 'Farmacia y parafarmacia',
)
28-04-2022 16:00:25 - array (
  0 => 'FUTBOL',
)
28-04-2022 16:21:36 - array (
  0 => 'Categorias',
)
28-04-2022 16:21:59 - array (
  0 => 'Parafarmacia',
)
28-04-2022 16:21:59 - array (
  0 => 'Parafarmacia',
)
28-04-2022 16:22:00 - array (
  0 => 'Parafarmacia',
)
28-04-2022 16:22:00 - array (
  0 => 'Termómetros',
)
28-04-2022 16:22:00 - array (
  0 => 'Alimentación del bebé',
)
28-04-2022 16:22:00 - array (
  0 => 'Pañales y toallitas',
)
28-04-2022 16:22:00 - array (
  0 => 'Cremas y Aceites',
)
28-04-2022 16:22:00 - array (
  0 => 'Pañales y toallitas',
)
28-04-2022 16:22:01 - array (
  0 => 'Pañales y toallitas',
)
28-04-2022 16:22:01 - array (
  0 => 'Pañales y toallitas',
)
28-04-2022 16:22:01 - array (
  0 => 'Natural',
)
28-04-2022 16:22:01 - array (
  0 => 'Mejora de peso',
)
28-04-2022 16:22:01 - array (
  0 => 'Caída del pelo',
)
28-04-2022 16:22:01 - array (
  0 => 'Natural',
)
28-04-2022 16:22:02 - array (
  0 => 'Natural',
)
28-04-2022 16:22:02 - array (
  0 => 'Natural',
)
28-04-2022 16:22:02 - array (
  0 => 'Natural',
)
28-04-2022 16:22:02 - array (
  0 => 'Solar',
)
28-04-2022 16:22:02 - array (
  0 => 'Solar',
)
28-04-2022 16:22:02 - array (
  0 => 'Tinte y decolorante',
)
28-04-2022 16:22:03 - array (
  0 => 'Dermocosmética',
)
28-04-2022 16:22:03 - array (
  0 => 'Dermocosmética',
)
28-04-2022 16:22:03 - array (
  0 => 'Cabello',
)
28-04-2022 16:22:03 - array (
  0 => 'Cabello',
)
28-04-2022 16:22:03 - array (
  0 => 'Cabello',
)
28-04-2022 16:22:03 - array (
  0 => 'Cabello',
)
28-04-2022 16:22:04 - array (
  0 => 'Cabello',
)
28-04-2022 16:22:04 - array (
  0 => 'Cabello',
)
28-04-2022 16:22:04 - array (
  0 => 'Cabello',
)
28-04-2022 16:22:04 - array (
  0 => 'Cabello',
)
28-04-2022 16:22:04 - array (
  0 => 'Cabello',
)
28-04-2022 16:22:04 - array (
  0 => 'Cicatrizantes y úlceras',
)
28-04-2022 16:22:05 - array (
  0 => 'Cicatrizantes y úlceras',
)
28-04-2022 16:22:05 - array (
  0 => 'Cicatrizantes y úlceras',
)
28-04-2022 16:22:05 - array (
  0 => 'Accesorios ',
)
28-04-2022 16:22:05 - array (
  0 => 'Pañales y toallitas',
)
28-04-2022 16:22:05 - array (
  0 => 'Pañales y toallitas',
)
28-04-2022 16:22:06 - array (
  0 => 'Pañales y toallitas',
)
28-04-2022 16:22:06 - array (
  0 => 'Pañales y toallitas',
)
28-04-2022 16:22:06 - array (
  0 => 'Pañales y toallitas',
)
28-04-2022 16:22:06 - array (
  0 => 'Alimentación del bebé',
)
28-04-2022 16:22:06 - array (
  0 => 'Nutrición',
)
28-04-2022 16:22:06 - array (
  0 => 'Nutrición',
)
28-04-2022 16:22:07 - array (
  0 => 'Alimentación del bebé',
)
28-04-2022 16:22:07 - array (
  0 => 'Complementos alimenticios',
)
28-04-2022 16:22:07 - array (
  0 => 'Nutrición',
)
28-04-2022 16:22:07 - array (
  0 => 'Nutrición',
)
28-04-2022 16:22:07 - array (
  0 => 'Ofertas',
)
28-04-2022 16:22:07 - array (
  0 => 'Alimentación del bebé',
)
28-04-2022 16:22:07 - array (
  0 => 'Complementos alimenticios',
)
28-04-2022 16:22:08 - array (
  0 => 'Parafarmacia',
)
28-04-2022 16:22:08 - array (
  0 => 'Parafarmacia',
)
28-04-2022 16:22:08 - array (
  0 => 'Alimentación del bebé',
)
28-04-2022 16:22:08 - array (
  0 => 'Alimentación del bebé',
)
28-04-2022 16:22:08 - array (
  0 => 'Alimentación del bebé',
)
28-04-2022 16:22:08 - array (
  0 => 'Alimentación del bebé',
)
28-04-2022 16:22:09 - array (
  0 => 'Alimentación del bebé',
  1 => 'Complementos alimenticios bebés, niños y embarazo',
  2 => 'Bebé',
)
28-04-2022 16:22:09 - array (
  0 => 'Alimentación del bebé',
)
28-04-2022 16:22:09 - array (
  0 => 'Alimentación del bebé',
)
28-04-2022 16:22:09 - array (
  0 => 'Alimentación del bebé',
)
28-04-2022 16:22:09 - array (
  0 => 'Alimentación del bebé',
)
28-04-2022 16:22:10 - array (
  0 => 'Nutrición',
)
28-04-2022 16:22:10 - array (
  0 => 'Higiene',
)
28-04-2022 16:22:10 - array (
  0 => 'Cremas y Aceites',
)
28-04-2022 16:22:10 - array (
  0 => 'Higiene',
)
28-04-2022 16:22:10 - array (
  0 => 'Higiene',
)
28-04-2022 16:22:10 - array (
  0 => 'Higiene',
)
28-04-2022 16:22:11 - array (
  0 => 'Higiene',
)
28-04-2022 16:22:11 - array (
  0 => 'Higiene',
)
28-04-2022 16:22:11 - array (
  0 => 'Higiene',
)
28-04-2022 16:22:11 - array (
  0 => 'Higiene',
)
28-04-2022 16:22:11 - array (
  0 => 'Higiene',
)
28-04-2022 16:28:59 - array (
  0 => 'Parafarmacia',
)
28-04-2022 16:29:00 - array (
  0 => 'Parafarmacia',
)
28-04-2022 16:29:00 - array (
  0 => 'Parafarmacia',
)
28-04-2022 16:29:00 - array (
  0 => 'Termómetros',
)
28-04-2022 16:29:00 - array (
  0 => 'Alimentación del bebé',
)
28-04-2022 16:29:00 - array (
  0 => 'Pañales y toallitas',
)
28-04-2022 16:29:00 - array (
  0 => 'Cremas y Aceites',
)
28-04-2022 16:29:00 - array (
  0 => 'Pañales y toallitas',
)
28-04-2022 16:29:00 - array (
  0 => 'Pañales y toallitas',
)
28-04-2022 16:29:01 - array (
  0 => 'Pañales y toallitas',
)
28-04-2022 16:29:01 - array (
  0 => 'Natural',
)
28-04-2022 16:29:01 - array (
  0 => 'Mejora de peso',
)
28-04-2022 16:29:01 - array (
  0 => 'Caída del pelo',
)
28-04-2022 16:29:01 - array (
  0 => 'Natural',
)
28-04-2022 16:29:01 - array (
  0 => 'Natural',
)
28-04-2022 16:29:01 - array (
  0 => 'Natural',
)
28-04-2022 16:29:02 - array (
  0 => 'Natural',
)
28-04-2022 16:29:02 - array (
  0 => 'Solar',
)
28-04-2022 16:29:02 - array (
  0 => 'Solar',
)
28-04-2022 16:29:02 - array (
  0 => 'Tinte y decolorante',
)
28-04-2022 16:29:02 - array (
  0 => 'Dermocosmética',
)
28-04-2022 16:29:02 - array (
  0 => 'Dermocosmética',
)
28-04-2022 16:29:02 - array (
  0 => 'Cabello',
)
28-04-2022 16:29:02 - array (
  0 => 'Cabello',
)
28-04-2022 16:29:02 - array (
  0 => 'Cabello',
)
28-04-2022 16:29:03 - array (
  0 => 'Cabello',
)
28-04-2022 16:29:03 - array (
  0 => 'Cabello',
)
28-04-2022 16:29:03 - array (
  0 => 'Cabello',
)
28-04-2022 16:29:03 - array (
  0 => 'Cabello',
)
28-04-2022 16:29:03 - array (
  0 => 'Cabello',
)
28-04-2022 16:29:03 - array (
  0 => 'Cabello',
)
28-04-2022 16:29:03 - array (
  0 => 'Cicatrizantes y úlceras',
)
28-04-2022 16:29:03 - array (
  0 => 'Cicatrizantes y úlceras',
)
28-04-2022 16:29:04 - array (
  0 => 'Cicatrizantes y úlceras',
)
28-04-2022 16:29:04 - array (
  0 => 'Accesorios ',
)
28-04-2022 16:29:04 - array (
  0 => 'Pañales y toallitas',
)
28-04-2022 16:29:04 - array (
  0 => 'Pañales y toallitas',
)
28-04-2022 16:29:04 - array (
  0 => 'Pañales y toallitas',
)
28-04-2022 16:29:04 - array (
  0 => 'Pañales y toallitas',
)
28-04-2022 16:29:04 - array (
  0 => 'Pañales y toallitas',
)
28-04-2022 16:29:04 - array (
  0 => 'Alimentación del bebé',
)
28-04-2022 16:29:04 - array (
  0 => 'Nutrición',
)
28-04-2022 16:29:05 - array (
  0 => 'Nutrición',
)
28-04-2022 16:29:05 - array (
  0 => 'Alimentación del bebé',
)
28-04-2022 16:29:05 - array (
  0 => 'Complementos alimenticios',
)
28-04-2022 16:29:05 - array (
  0 => 'Nutrición',
)
28-04-2022 16:29:05 - array (
  0 => 'Nutrición',
)
28-04-2022 16:29:05 - array (
  0 => 'Ofertas',
)
28-04-2022 16:29:05 - array (
  0 => 'Alimentación del bebé',
)
28-04-2022 16:29:05 - array (
  0 => 'Complementos alimenticios',
)
28-04-2022 16:29:06 - array (
  0 => 'Parafarmacia',
)
28-04-2022 16:29:06 - array (
  0 => 'Parafarmacia',
)
28-04-2022 16:29:06 - array (
  0 => 'Alimentación del bebé',
)
28-04-2022 16:29:06 - array (
  0 => 'Alimentación del bebé',
)
28-04-2022 16:29:06 - array (
  0 => 'Alimentación del bebé',
)
28-04-2022 16:29:06 - array (
  0 => 'Alimentación del bebé',
)
28-04-2022 16:29:06 - array (
  0 => 'Alimentación del bebé',
  1 => 'Complementos alimenticios bebés, niños y embarazo',
  2 => 'Bebé',
)
28-04-2022 16:29:06 - array (
  0 => 'Alimentación del bebé',
)
28-04-2022 16:29:07 - array (
  0 => 'Alimentación del bebé',
)
28-04-2022 16:29:07 - array (
  0 => 'Alimentación del bebé',
)
28-04-2022 16:29:07 - array (
  0 => 'Alimentación del bebé',
)
28-04-2022 16:29:07 - array (
  0 => 'Nutrición',
)
28-04-2022 16:29:07 - array (
  0 => 'Higiene',
)
28-04-2022 16:29:07 - array (
  0 => 'Cremas y Aceites',
)
28-04-2022 16:29:07 - array (
  0 => 'Higiene',
)
28-04-2022 16:29:07 - array (
  0 => 'Higiene',
)
28-04-2022 16:29:07 - array (
  0 => 'Higiene',
)
28-04-2022 16:29:08 - array (
  0 => 'Higiene',
)
28-04-2022 16:29:08 - array (
  0 => 'Higiene',
)
28-04-2022 16:29:08 - array (
  0 => 'Higiene',
)
28-04-2022 16:29:08 - array (
  0 => 'Higiene',
)
28-04-2022 16:29:08 - array (
  0 => 'Higiene',
)
05-05-2022 12:24:21 - array (
  0 => 'Parafarmacia',
)
05-05-2022 12:24:21 - array (
  0 => 'Parafarmacia',
)
05-05-2022 12:24:21 - array (
  0 => 'Parafarmacia',
)
05-05-2022 12:24:21 - array (
  0 => 'Termómetros',
)
05-05-2022 12:24:21 - array (
  0 => 'Alimentación del bebé',
)
05-05-2022 12:24:22 - array (
  0 => 'Pañales y toallitas',
)
05-05-2022 12:24:22 - array (
  0 => 'Cremas y Aceites',
)
05-05-2022 12:24:22 - array (
  0 => 'Pañales y toallitas',
)
05-05-2022 12:24:22 - array (
  0 => 'Pañales y toallitas',
)
05-05-2022 12:24:22 - array (
  0 => 'Pañales y toallitas',
)
05-05-2022 12:24:23 - array (
  0 => 'Natural',
)
05-05-2022 12:24:23 - array (
  0 => 'Mejora de peso',
)
05-05-2022 12:24:23 - array (
  0 => 'Caída del pelo',
)
05-05-2022 12:24:23 - array (
  0 => 'Natural',
)
05-05-2022 12:24:23 - array (
  0 => 'Natural',
)
05-05-2022 12:24:24 - array (
  0 => 'Natural',
)
05-05-2022 12:24:24 - array (
  0 => 'Natural',
)
05-05-2022 12:24:24 - array (
  0 => 'Solar',
)
05-05-2022 12:24:24 - array (
  0 => 'Solar',
)
05-05-2022 12:24:24 - array (
  0 => 'Tinte y decolorante',
)
05-05-2022 12:24:24 - array (
  0 => 'Dermocosmética',
)
05-05-2022 12:24:25 - array (
  0 => 'Dermocosmética',
)
05-05-2022 12:24:25 - array (
  0 => 'Cabello',
)
05-05-2022 12:24:25 - array (
  0 => 'Cabello',
)
05-05-2022 12:24:25 - array (
  0 => 'Cabello',
)
05-05-2022 12:24:25 - array (
  0 => 'Cabello',
)
05-05-2022 12:24:26 - array (
  0 => 'Cabello',
)
05-05-2022 12:24:26 - array (
  0 => 'Cabello',
)
05-05-2022 12:24:26 - array (
  0 => 'Cabello',
)
05-05-2022 12:24:26 - array (
  0 => 'Cabello',
)
05-05-2022 12:24:26 - array (
  0 => 'Cabello',
)
05-05-2022 12:24:26 - array (
  0 => 'Cicatrizantes y úlceras',
)
05-05-2022 12:24:26 - array (
  0 => 'Cicatrizantes y úlceras',
)
05-05-2022 12:24:27 - array (
  0 => 'Cicatrizantes y úlceras',
)
05-05-2022 12:24:27 - array (
  0 => 'Accesorios ',
)
05-05-2022 12:24:27 - array (
  0 => 'Pañales y toallitas',
)
05-05-2022 12:24:27 - array (
  0 => 'Pañales y toallitas',
)
05-05-2022 12:24:27 - array (
  0 => 'Pañales y toallitas',
)
05-05-2022 12:24:27 - array (
  0 => 'Pañales y toallitas',
)
05-05-2022 12:24:28 - array (
  0 => 'Pañales y toallitas',
)
05-05-2022 12:24:28 - array (
  0 => 'Alimentación del bebé',
)
05-05-2022 12:24:28 - array (
  0 => 'Nutrición',
)
05-05-2022 12:24:28 - array (
  0 => 'Nutrición',
)
05-05-2022 12:24:28 - array (
  0 => 'Alimentación del bebé',
)
05-05-2022 12:24:28 - array (
  0 => 'Complementos alimenticios',
)
05-05-2022 12:24:28 - array (
  0 => 'Nutrición',
)
05-05-2022 12:24:29 - array (
  0 => 'Nutrición',
)
05-05-2022 12:24:29 - array (
  0 => 'Ofertas',
)
05-05-2022 12:24:29 - array (
  0 => 'Alimentación del bebé',
)
05-05-2022 12:24:29 - array (
  0 => 'Complementos alimenticios',
)
05-05-2022 12:24:29 - array (
  0 => 'Parafarmacia',
)
05-05-2022 12:24:29 - array (
  0 => 'Parafarmacia',
)
05-05-2022 12:24:29 - array (
  0 => 'Alimentación del bebé',
)
05-05-2022 12:24:29 - array (
  0 => 'Alimentación del bebé',
)
05-05-2022 12:24:30 - array (
  0 => 'Alimentación del bebé',
)
05-05-2022 12:24:30 - array (
  0 => 'Alimentación del bebé',
)
05-05-2022 12:24:30 - array (
  0 => 'Alimentación del bebé',
  1 => 'Complementos alimenticios bebés, niños y embarazo',
  2 => 'Bebé',
)
05-05-2022 12:24:30 - array (
  0 => 'Alimentación del bebé',
)
05-05-2022 12:24:30 - array (
  0 => 'Alimentación del bebé',
)
05-05-2022 12:24:30 - array (
  0 => 'Alimentación del bebé',
)
05-05-2022 12:24:31 - array (
  0 => 'Alimentación del bebé',
)
05-05-2022 12:24:31 - array (
  0 => 'Nutrición',
)
05-05-2022 12:24:31 - array (
  0 => 'Higiene',
)
05-05-2022 12:24:31 - array (
  0 => 'Cremas y Aceites',
)
05-05-2022 12:24:31 - array (
  0 => 'Higiene',
)
05-05-2022 12:24:31 - array (
  0 => 'Higiene',
)
05-05-2022 12:24:31 - array (
  0 => 'Higiene',
)
05-05-2022 12:24:31 - array (
  0 => 'Higiene',
)
05-05-2022 12:24:32 - array (
  0 => 'Higiene',
)
05-05-2022 12:24:32 - array (
  0 => 'Higiene',
)
05-05-2022 12:24:32 - array (
  0 => 'Higiene',
)
05-05-2022 12:24:32 - array (
  0 => 'Higiene',
)
