28-04-2022 10:04:07 - array (
  1 => 'parafarmacia-y-farmacia',
)
28-04-2022 10:09:05 - array (
  1 => 'farmacia-y-parafarmacia',
)
28-04-2022 10:14:47 - array (
  1 => 'futbol',
)
28-04-2022 13:39:11 - NULL
28-04-2022 13:39:11 - NULL
28-04-2022 13:39:11 - NULL
28-04-2022 15:39:28 - NULL
28-04-2022 15:39:29 - NULL
28-04-2022 15:39:29 - NULL
28-04-2022 15:54:00 - NULL
28-04-2022 15:54:00 - NULL
28-04-2022 16:21:36 - array (
  1 => 'categorias',
)
28-04-2022 16:22:00 - array (
  1 => 'termometros',
)
28-04-2022 16:22:00 - array (
  1 => 'alimentacion-del-bebe',
)
28-04-2022 16:22:00 - array (
  1 => 'panales-y-toallitas',
)
28-04-2022 16:22:00 - array (
  1 => 'cremas-y-aceites',
)
28-04-2022 16:22:00 - array (
  1 => 'panales-y-toallitas',
)
28-04-2022 16:22:01 - array (
  1 => 'panales-y-toallitas',
)
28-04-2022 16:22:01 - array (
  1 => 'panales-y-toallitas',
)
28-04-2022 16:22:01 - array (
  1 => 'natural',
)
28-04-2022 16:22:01 - array (
  1 => 'mejora-de-peso',
)
28-04-2022 16:22:01 - array (
  1 => 'caida-del-pelo',
)
28-04-2022 16:22:01 - array (
  1 => 'natural',
)
28-04-2022 16:22:02 - array (
  1 => 'natural',
)
28-04-2022 16:22:02 - array (
  1 => 'natural',
)
28-04-2022 16:22:02 - array (
  1 => 'natural',
)
28-04-2022 16:22:02 - array (
  1 => 'solar',
)
28-04-2022 16:22:02 - array (
  1 => 'solar',
)
28-04-2022 16:22:02 - array (
  1 => 'tinte-y-decolorante',
)
28-04-2022 16:22:03 - array (
  1 => 'dermocosmetica',
)
28-04-2022 16:22:03 - array (
  1 => 'dermocosmetica',
)
28-04-2022 16:22:03 - array (
  1 => 'cabello',
)
28-04-2022 16:22:03 - array (
  1 => 'cabello',
)
28-04-2022 16:22:03 - array (
  1 => 'cabello',
)
28-04-2022 16:22:03 - array (
  1 => 'cabello',
)
28-04-2022 16:22:04 - array (
  1 => 'cabello',
)
28-04-2022 16:22:04 - array (
  1 => 'cabello',
)
28-04-2022 16:22:04 - array (
  1 => 'cabello',
)
28-04-2022 16:22:04 - array (
  1 => 'cabello',
)
28-04-2022 16:22:04 - array (
  1 => 'cabello',
)
28-04-2022 16:22:05 - array (
  1 => 'cicatrizantes-y-ulceras',
)
28-04-2022 16:22:05 - array (
  1 => 'cicatrizantes-y-ulceras',
)
28-04-2022 16:22:05 - array (
  1 => 'cicatrizantes-y-ulceras',
)
28-04-2022 16:22:05 - array (
  1 => 'accesorios',
)
28-04-2022 16:22:05 - array (
  1 => 'panales-y-toallitas',
)
28-04-2022 16:22:05 - array (
  1 => 'panales-y-toallitas',
)
28-04-2022 16:22:06 - array (
  1 => 'panales-y-toallitas',
)
28-04-2022 16:22:06 - array (
  1 => 'panales-y-toallitas',
)
28-04-2022 16:22:06 - array (
  1 => 'panales-y-toallitas',
)
28-04-2022 16:22:06 - array (
  1 => 'alimentacion-del-bebe',
)
28-04-2022 16:22:06 - array (
  1 => 'nutricion',
)
28-04-2022 16:22:06 - array (
  1 => 'nutricion',
)
28-04-2022 16:22:07 - array (
  1 => 'alimentacion-del-bebe',
)
28-04-2022 16:22:07 - array (
  1 => 'complementos-alimenticios',
)
28-04-2022 16:22:07 - array (
  1 => 'nutricion',
)
28-04-2022 16:22:07 - array (
  1 => 'nutricion',
)
28-04-2022 16:22:07 - array (
  1 => 'ofertas',
)
28-04-2022 16:22:07 - array (
  1 => 'alimentacion-del-bebe',
)
28-04-2022 16:22:08 - array (
  1 => 'complementos-alimenticios',
)
28-04-2022 16:22:08 - array (
  1 => 'alimentacion-del-bebe',
)
28-04-2022 16:22:08 - array (
  1 => 'alimentacion-del-bebe',
)
28-04-2022 16:22:08 - array (
  1 => 'alimentacion-del-bebe',
)
28-04-2022 16:22:08 - array (
  1 => 'alimentacion-del-bebe',
)
28-04-2022 16:22:09 - array (
  1 => 'alimentacion-del-bebe',
)
28-04-2022 16:22:09 - array (
  1 => 'complementos-alimenticios-bebes-ninos-y-embarazo',
)
28-04-2022 16:22:09 - array (
  1 => 'bebe',
)
28-04-2022 16:22:09 - array (
  1 => 'alimentacion-del-bebe',
)
28-04-2022 16:22:09 - array (
  1 => 'alimentacion-del-bebe',
)
28-04-2022 16:22:09 - array (
  1 => 'alimentacion-del-bebe',
)
28-04-2022 16:22:09 - array (
  1 => 'alimentacion-del-bebe',
)
28-04-2022 16:22:10 - array (
  1 => 'nutricion',
)
28-04-2022 16:22:10 - array (
  1 => 'higiene',
)
28-04-2022 16:22:10 - array (
  1 => 'cremas-y-aceites',
)
28-04-2022 16:22:10 - array (
  1 => 'higiene',
)
28-04-2022 16:22:10 - array (
  1 => 'higiene',
)
28-04-2022 16:22:10 - array (
  1 => 'higiene',
)
28-04-2022 16:22:11 - array (
  1 => 'higiene',
)
28-04-2022 16:22:11 - array (
  1 => 'higiene',
)
28-04-2022 16:22:11 - array (
  1 => 'higiene',
)
28-04-2022 16:22:11 - array (
  1 => 'higiene',
)
28-04-2022 16:22:11 - array (
  1 => 'higiene',
)
05-05-2022 12:24:21 - array (
  1 => 'parafarmacia',
)
05-05-2022 12:24:21 - array (
  1 => 'parafarmacia',
)
05-05-2022 12:24:21 - array (
  1 => 'parafarmacia',
)
05-05-2022 12:24:21 - array (
  1 => 'termometros',
)
05-05-2022 12:24:22 - array (
  1 => 'alimentacion-del-bebe',
)
05-05-2022 12:24:22 - array (
  1 => 'panales-y-toallitas',
)
05-05-2022 12:24:22 - array (
  1 => 'cremas-y-aceites',
)
05-05-2022 12:24:22 - array (
  1 => 'panales-y-toallitas',
)
05-05-2022 12:24:22 - array (
  1 => 'panales-y-toallitas',
)
05-05-2022 12:24:23 - array (
  1 => 'panales-y-toallitas',
)
05-05-2022 12:24:23 - array (
  1 => 'natural',
)
05-05-2022 12:24:23 - array (
  1 => 'mejora-de-peso',
)
05-05-2022 12:24:23 - array (
  1 => 'caida-del-pelo',
)
05-05-2022 12:24:23 - array (
  1 => 'natural',
)
05-05-2022 12:24:23 - array (
  1 => 'natural',
)
05-05-2022 12:24:24 - array (
  1 => 'natural',
)
05-05-2022 12:24:24 - array (
  1 => 'natural',
)
05-05-2022 12:24:24 - array (
  1 => 'solar',
)
05-05-2022 12:24:24 - array (
  1 => 'solar',
)
05-05-2022 12:24:24 - array (
  1 => 'tinte-y-decolorante',
)
05-05-2022 12:24:25 - array (
  1 => 'dermocosmetica',
)
05-05-2022 12:24:25 - array (
  1 => 'dermocosmetica',
)
05-05-2022 12:24:25 - array (
  1 => 'cabello',
)
05-05-2022 12:24:25 - array (
  1 => 'cabello',
)
05-05-2022 12:24:25 - array (
  1 => 'cabello',
)
05-05-2022 12:24:25 - array (
  1 => 'cabello',
)
05-05-2022 12:24:26 - array (
  1 => 'cabello',
)
05-05-2022 12:24:26 - array (
  1 => 'cabello',
)
05-05-2022 12:24:26 - array (
  1 => 'cabello',
)
05-05-2022 12:24:26 - array (
  1 => 'cabello',
)
05-05-2022 12:24:26 - array (
  1 => 'cabello',
)
05-05-2022 12:24:26 - array (
  1 => 'cicatrizantes-y-ulceras',
)
05-05-2022 12:24:27 - array (
  1 => 'cicatrizantes-y-ulceras',
)
05-05-2022 12:24:27 - array (
  1 => 'cicatrizantes-y-ulceras',
)
05-05-2022 12:24:27 - array (
  1 => 'accesorios',
)
05-05-2022 12:24:27 - array (
  1 => 'panales-y-toallitas',
)
05-05-2022 12:24:27 - array (
  1 => 'panales-y-toallitas',
)
05-05-2022 12:24:27 - array (
  1 => 'panales-y-toallitas',
)
05-05-2022 12:24:27 - array (
  1 => 'panales-y-toallitas',
)
05-05-2022 12:24:28 - array (
  1 => 'panales-y-toallitas',
)
05-05-2022 12:24:28 - array (
  1 => 'alimentacion-del-bebe',
)
05-05-2022 12:24:28 - array (
  1 => 'nutricion',
)
05-05-2022 12:24:28 - array (
  1 => 'nutricion',
)
05-05-2022 12:24:28 - array (
  1 => 'alimentacion-del-bebe',
)
05-05-2022 12:24:28 - array (
  1 => 'complementos-alimenticios',
)
05-05-2022 12:24:28 - array (
  1 => 'nutricion',
)
05-05-2022 12:24:29 - array (
  1 => 'nutricion',
)
05-05-2022 12:24:29 - array (
  1 => 'ofertas',
)
05-05-2022 12:24:29 - array (
  1 => 'alimentacion-del-bebe',
)
05-05-2022 12:24:29 - array (
  1 => 'complementos-alimenticios',
)
05-05-2022 12:24:29 - array (
  1 => 'parafarmacia',
)
05-05-2022 12:24:29 - array (
  1 => 'parafarmacia',
)
05-05-2022 12:24:29 - array (
  1 => 'alimentacion-del-bebe',
)
05-05-2022 12:24:30 - array (
  1 => 'alimentacion-del-bebe',
)
05-05-2022 12:24:30 - array (
  1 => 'alimentacion-del-bebe',
)
05-05-2022 12:24:30 - array (
  1 => 'alimentacion-del-bebe',
)
05-05-2022 12:24:30 - array (
  1 => 'alimentacion-del-bebe',
)
05-05-2022 12:24:30 - array (
  1 => 'complementos-alimenticios-bebes-ninos-y-embarazo',
)
05-05-2022 12:24:30 - array (
  1 => 'bebe',
)
05-05-2022 12:24:30 - array (
  1 => 'alimentacion-del-bebe',
)
05-05-2022 12:24:30 - array (
  1 => 'alimentacion-del-bebe',
)
05-05-2022 12:24:30 - array (
  1 => 'alimentacion-del-bebe',
)
05-05-2022 12:24:31 - array (
  1 => 'alimentacion-del-bebe',
)
05-05-2022 12:24:31 - array (
  1 => 'nutricion',
)
05-05-2022 12:24:31 - array (
  1 => 'higiene',
)
05-05-2022 12:24:31 - array (
  1 => 'cremas-y-aceites',
)
05-05-2022 12:24:31 - array (
  1 => 'higiene',
)
05-05-2022 12:24:31 - array (
  1 => 'higiene',
)
05-05-2022 12:24:31 - array (
  1 => 'higiene',
)
05-05-2022 12:24:32 - array (
  1 => 'higiene',
)
05-05-2022 12:24:32 - array (
  1 => 'higiene',
)
05-05-2022 12:24:32 - array (
  1 => 'higiene',
)
05-05-2022 12:24:32 - array (
  1 => 'higiene',
)
05-05-2022 12:24:32 - array (
  1 => 'higiene',
)
