28-04-2022 13:04:19 - 'string'
28-04-2022 13:04:19 - 'string'
28-04-2022 13:04:19 - 'string'
28-04-2022 13:09:59 - ''
28-04-2022 13:10:00 - 'B BRAUN'
28-04-2022 13:10:00 - 'NIKE'
28-04-2022 13:11:55 - array (
  0 => '',
)
28-04-2022 13:11:55 - array (
  0 => 'B BRAUN',
)
28-04-2022 13:11:55 - array (
  0 => 'NIKE',
)
28-04-2022 13:13:55 - array (
  0 => '',
)
28-04-2022 13:16:53 - array (
  0 => '',
)
28-04-2022 13:21:50 - array (
  0 => '',
)
28-04-2022 13:23:20 - array (
  0 => '',
)
28-04-2022 13:23:20 - array (
  0 => 'B BRAUN',
)
28-04-2022 13:23:20 - array (
  0 => 'NIKE',
)
28-04-2022 13:23:46 - array (
  0 => '',
)
28-04-2022 13:23:46 - array (
  0 => 'B BRAUN',
)
28-04-2022 13:23:46 - array (
  0 => 'NIKE',
)
28-04-2022 13:35:42 - array (
  0 => '',
)
28-04-2022 13:36:56 - array (
  0 => '',
)
28-04-2022 13:39:10 - array (
  0 => '',
)
28-04-2022 13:39:11 - array (
  0 => 'B BRAUN',
)
28-04-2022 13:39:11 - array (
  0 => 'NIKE',
)
28-04-2022 13:40:11 - array (
  0 => '',
)
