28-04-2022 13:41:45 - ''
28-04-2022 15:37:03 - ''
28-04-2022 15:38:45 - ''
28-04-2022 15:39:11 - ''
28-04-2022 15:39:28 - ''
28-04-2022 15:39:29 - 'B BRAUN'
28-04-2022 15:39:29 - 'NIKE'
28-04-2022 15:41:29 - ''
28-04-2022 15:52:29 - ''
28-04-2022 15:53:36 - ''
28-04-2022 15:54:00 - 'B BRAUN'
28-04-2022 15:54:00 - 'NIKE'
28-04-2022 15:59:24 - 'B BRAUN'
28-04-2022 15:59:25 - 'NIKE'
28-04-2022 16:00:24 - ''
28-04-2022 16:00:25 - 'B BRAUN'
28-04-2022 16:00:25 - 'NIKE'
28-04-2022 16:21:36 - ''
28-04-2022 16:21:59 - 'B BRAUN'
28-04-2022 16:21:59 - 'Bolsas de orina'
28-04-2022 16:22:00 - 'Bolsas de orina'
28-04-2022 16:22:00 - 'Ofertas'
28-04-2022 16:22:00 - 'Bebé'
28-04-2022 16:22:00 - 'CHELINO'
28-04-2022 16:22:00 - 'Ofertas'
28-04-2022 16:22:00 - 'Toallitas estériles'
28-04-2022 16:22:01 - 'Toallitas estériles'
28-04-2022 16:22:01 - 'CHELINO'
28-04-2022 16:22:01 - 'INNEOV'
28-04-2022 16:22:01 - 'Dietas y mejora de peso'
28-04-2022 16:22:01 - 'Pelo'
28-04-2022 16:22:01 - 'Ofertas'
28-04-2022 16:22:02 - 'INNEOV'
28-04-2022 16:22:02 - 'INNEOV'
28-04-2022 16:22:02 - 'INNEOV'
28-04-2022 16:22:02 - 'INNEOV'
28-04-2022 16:22:02 - 'INNEOV'
28-04-2022 16:22:02 - 'Pelo'
28-04-2022 16:22:03 - 'Pelo'
28-04-2022 16:22:03 - 'Pelo'
28-04-2022 16:22:03 - 'Tinte y decolorante'
28-04-2022 16:22:03 - 'Tinte y decolorante'
28-04-2022 16:22:03 - 'Tinte y decolorante'
28-04-2022 16:22:03 - 'Tinte y decolorante'
28-04-2022 16:22:04 - 'Tinte y decolorante'
28-04-2022 16:22:04 - 'Cuidado del cabello'
28-04-2022 16:22:04 - 'Cuidado del cabello'
28-04-2022 16:22:04 - 'Tinte y decolorante'
28-04-2022 16:22:04 - 'Tinte y decolorante'
28-04-2022 16:22:05 - ''
28-04-2022 16:22:05 - ''
28-04-2022 16:22:05 - ''
28-04-2022 16:22:05 - 'Aspiradores nasales'
28-04-2022 16:22:05 - 'Bebé'
28-04-2022 16:22:05 - 'Pañales adulto'
28-04-2022 16:22:06 - 'Bebé'
28-04-2022 16:22:06 - 'Bebé'
28-04-2022 16:22:06 - 'Bebé'
28-04-2022 16:22:06 - 'Ofertas'
28-04-2022 16:22:06 - 'PEDIASURE'
28-04-2022 16:22:06 - 'PEDIASURE'
28-04-2022 16:22:07 - 'Ofertas'
28-04-2022 16:22:07 - ''
28-04-2022 16:22:07 - 'PEDIASURE'
28-04-2022 16:22:07 - 'PEDIASURE'
28-04-2022 16:22:07 - 'PEDIASURE'
28-04-2022 16:22:07 - 'Ofertas'
28-04-2022 16:22:08 - ''
28-04-2022 16:22:08 - 'B BRAUN'
28-04-2022 16:22:08 - 'B BRAUN'
28-04-2022 16:22:08 - 'Bebé'
28-04-2022 16:22:08 - 'Bebé'
28-04-2022 16:22:08 - 'Bebé'
28-04-2022 16:22:08 - 'Bebé'
28-04-2022 16:22:09 - ''
28-04-2022 16:22:09 - 'Bebé'
28-04-2022 16:22:09 - 'Bebé'
28-04-2022 16:22:09 - 'Bebé'
28-04-2022 16:22:09 - 'Bebé'
28-04-2022 16:22:10 - 'PULEVA'
28-04-2022 16:22:10 - 'Suero y agua de mar'
28-04-2022 16:22:10 - 'Higiene del bebé'
28-04-2022 16:22:10 - 'RHINOMER'
28-04-2022 16:22:10 - 'RHINOMER'
28-04-2022 16:22:10 - 'RHINOMER'
28-04-2022 16:22:11 - 'RHINOMER'
28-04-2022 16:22:11 - 'Cremas y Aceites'
28-04-2022 16:22:11 - 'Limpieza prótesis'
28-04-2022 16:22:11 - 'Limpieza prótesis'
28-04-2022 16:22:11 - 'RHINOMER'
28-04-2022 16:28:59 - 'B BRAUN'
28-04-2022 16:29:00 - 'Bolsas de orina'
28-04-2022 16:29:00 - 'Bolsas de orina'
28-04-2022 16:29:00 - 'Ofertas'
28-04-2022 16:29:00 - 'Bebé'
28-04-2022 16:29:00 - 'CHELINO'
28-04-2022 16:29:00 - 'Ofertas'
28-04-2022 16:29:00 - 'Toallitas estériles'
28-04-2022 16:29:00 - 'Toallitas estériles'
28-04-2022 16:29:01 - 'CHELINO'
28-04-2022 16:29:01 - 'INNEOV'
28-04-2022 16:29:01 - 'Dietas y mejora de peso'
28-04-2022 16:29:01 - 'Pelo'
28-04-2022 16:29:01 - 'Ofertas'
28-04-2022 16:29:01 - 'INNEOV'
28-04-2022 16:29:01 - 'INNEOV'
28-04-2022 16:29:02 - 'INNEOV'
28-04-2022 16:29:02 - 'INNEOV'
28-04-2022 16:29:02 - 'INNEOV'
28-04-2022 16:29:02 - 'Pelo'
28-04-2022 16:29:02 - 'Pelo'
28-04-2022 16:29:02 - 'Pelo'
28-04-2022 16:29:02 - 'Tinte y decolorante'
28-04-2022 16:29:02 - 'Tinte y decolorante'
28-04-2022 16:29:02 - 'Tinte y decolorante'
28-04-2022 16:29:03 - 'Tinte y decolorante'
28-04-2022 16:29:03 - 'Tinte y decolorante'
28-04-2022 16:29:03 - 'Cuidado del cabello'
28-04-2022 16:29:03 - 'Cuidado del cabello'
28-04-2022 16:29:03 - 'Tinte y decolorante'
28-04-2022 16:29:03 - 'Tinte y decolorante'
28-04-2022 16:29:03 - ''
28-04-2022 16:29:03 - ''
28-04-2022 16:29:04 - ''
28-04-2022 16:29:04 - 'Aspiradores nasales'
28-04-2022 16:29:04 - 'Bebé'
28-04-2022 16:29:04 - 'Pañales adulto'
28-04-2022 16:29:04 - 'Bebé'
28-04-2022 16:29:04 - 'Bebé'
28-04-2022 16:29:04 - 'Bebé'
28-04-2022 16:29:04 - 'Ofertas'
28-04-2022 16:29:04 - 'PEDIASURE'
28-04-2022 16:29:05 - 'PEDIASURE'
28-04-2022 16:29:05 - 'Ofertas'
28-04-2022 16:29:05 - ''
28-04-2022 16:29:05 - 'PEDIASURE'
28-04-2022 16:29:05 - 'PEDIASURE'
28-04-2022 16:29:05 - 'PEDIASURE'
28-04-2022 16:29:05 - 'Ofertas'
28-04-2022 16:29:05 - ''
28-04-2022 16:29:06 - 'B BRAUN'
28-04-2022 16:29:06 - 'B BRAUN'
28-04-2022 16:29:06 - 'Bebé'
28-04-2022 16:29:06 - 'Bebé'
28-04-2022 16:29:06 - 'Bebé'
28-04-2022 16:29:06 - 'Bebé'
28-04-2022 16:29:06 - ''
28-04-2022 16:29:06 - 'Bebé'
28-04-2022 16:29:07 - 'Bebé'
28-04-2022 16:29:07 - 'Bebé'
28-04-2022 16:29:07 - 'Bebé'
28-04-2022 16:29:07 - 'PULEVA'
28-04-2022 16:29:07 - 'Suero y agua de mar'
28-04-2022 16:29:07 - 'Higiene del bebé'
28-04-2022 16:29:07 - 'RHINOMER'
28-04-2022 16:29:07 - 'RHINOMER'
28-04-2022 16:29:08 - 'RHINOMER'
28-04-2022 16:29:08 - 'RHINOMER'
28-04-2022 16:29:08 - 'Cremas y Aceites'
28-04-2022 16:29:08 - 'Limpieza prótesis'
28-04-2022 16:29:08 - 'Limpieza prótesis'
28-04-2022 16:29:08 - 'RHINOMER'
05-05-2022 12:24:21 - 'B BRAUN'
05-05-2022 12:24:21 - 'Bolsas de orina'
05-05-2022 12:24:21 - 'Bolsas de orina'
05-05-2022 12:24:21 - 'Ofertas'
05-05-2022 12:24:22 - 'Bebé'
05-05-2022 12:24:22 - 'CHELINO'
05-05-2022 12:24:22 - 'Ofertas'
05-05-2022 12:24:22 - 'Toallitas estériles'
05-05-2022 12:24:22 - 'Toallitas estériles'
05-05-2022 12:24:23 - 'CHELINO'
05-05-2022 12:24:23 - 'INNEOV'
05-05-2022 12:24:23 - 'Dietas y mejora de peso'
05-05-2022 12:24:23 - 'Pelo'
05-05-2022 12:24:23 - 'Ofertas'
05-05-2022 12:24:23 - 'INNEOV'
05-05-2022 12:24:24 - 'INNEOV'
05-05-2022 12:24:24 - 'INNEOV'
05-05-2022 12:24:24 - 'INNEOV'
05-05-2022 12:24:24 - 'INNEOV'
05-05-2022 12:24:24 - 'Pelo'
05-05-2022 12:24:25 - 'Pelo'
05-05-2022 12:24:25 - 'Pelo'
05-05-2022 12:24:25 - 'Tinte y decolorante'
05-05-2022 12:24:25 - 'Tinte y decolorante'
05-05-2022 12:24:25 - 'Tinte y decolorante'
05-05-2022 12:24:25 - 'Tinte y decolorante'
05-05-2022 12:24:26 - 'Tinte y decolorante'
05-05-2022 12:24:26 - 'Cuidado del cabello'
05-05-2022 12:24:26 - 'Cuidado del cabello'
05-05-2022 12:24:26 - 'Tinte y decolorante'
05-05-2022 12:24:26 - 'Tinte y decolorante'
05-05-2022 12:24:26 - ''
05-05-2022 12:24:27 - ''
05-05-2022 12:24:27 - ''
05-05-2022 12:24:27 - 'Aspiradores nasales'
05-05-2022 12:24:27 - 'Bebé'
05-05-2022 12:24:27 - 'Pañales adulto'
05-05-2022 12:24:27 - 'Bebé'
05-05-2022 12:24:27 - 'Bebé'
05-05-2022 12:24:28 - 'Bebé'
05-05-2022 12:24:28 - 'Ofertas'
05-05-2022 12:24:28 - 'PEDIASURE'
05-05-2022 12:24:28 - 'PEDIASURE'
05-05-2022 12:24:28 - 'Ofertas'
05-05-2022 12:24:28 - ''
05-05-2022 12:24:28 - 'PEDIASURE'
05-05-2022 12:24:29 - 'PEDIASURE'
05-05-2022 12:24:29 - 'PEDIASURE'
05-05-2022 12:24:29 - 'Ofertas'
05-05-2022 12:24:29 - ''
05-05-2022 12:24:29 - 'B BRAUN'
05-05-2022 12:24:29 - 'B BRAUN'
05-05-2022 12:24:29 - 'Bebé'
05-05-2022 12:24:30 - 'Bebé'
05-05-2022 12:24:30 - 'Bebé'
05-05-2022 12:24:30 - 'Bebé'
05-05-2022 12:24:30 - ''
05-05-2022 12:24:30 - 'Bebé'
05-05-2022 12:24:30 - 'Bebé'
05-05-2022 12:24:30 - 'Bebé'
05-05-2022 12:24:31 - 'Bebé'
05-05-2022 12:24:31 - 'PULEVA'
05-05-2022 12:24:31 - 'Suero y agua de mar'
05-05-2022 12:24:31 - 'Higiene del bebé'
05-05-2022 12:24:31 - 'RHINOMER'
05-05-2022 12:24:31 - 'RHINOMER'
05-05-2022 12:24:31 - 'RHINOMER'
05-05-2022 12:24:32 - 'RHINOMER'
05-05-2022 12:24:32 - 'Cremas y Aceites'
05-05-2022 12:24:32 - 'Limpieza prótesis'
05-05-2022 12:24:32 - 'Limpieza prótesis'
05-05-2022 12:24:32 - 'RHINOMER'
